[
  {
    "client": "Action Plumbing Construction",
    "stage": "field_defs",
    "error": "HTTP 401 on /insurance/config/insureds/fields: {\"detail\": \"The specified credentials did not match any recognized by the system.\", \"heading\": \"Invalid credentials specified\", \"auth_error\": \"InvalidCredentialsSpecified\"}\n"
  },
  {
    "client": "Action Plumbing Construction",
    "stage": "insureds",
    "error": "HTTP 401 on /insurance/insureds: {\"detail\": \"The specified credentials did not match any recognized by the system.\", \"heading\": \"Invalid credentials specified\", \"auth_error\": \"InvalidCredentialsSpecified\"}\n"
  },
  {
    "client": "ESS Companies",
    "stage": "field_defs",
    "error": "HTTP 401 on /insurance/config/insureds/fields: {\"detail\": \"The specified credentials did not match any recognized by the system.\", \"heading\": \"Invalid credentials specified\", \"auth_error\": \"InvalidCredentialsSpecified\"}\n"
  },
  {
    "client": "ESS Companies",
    "stage": "insureds",
    "error": "HTTP 401 on /insurance/insureds: {\"detail\": \"The specified credentials did not match any recognized by the system.\", \"heading\": \"Invalid credentials specified\", \"auth_error\": \"InvalidCredentialsSpecified\"}\n"
  },
  {
    "client": "Gart Properties",
    "stage": "field_defs",
    "error": "HTTP 401 on /insurance/config/insureds/fields: {\"detail\": \"The specified credentials did not match any recognized by the system.\", \"heading\": \"Invalid credentials specified\", \"auth_error\": \"InvalidCredentialsSpecified\"}\n"
  },
  {
    "client": "Gart Properties",
    "stage": "insureds",
    "error": "HTTP 401 on /insurance/insureds: {\"detail\": \"The specified credentials did not match any recognized by the system.\", \"heading\": \"Invalid credentials specified\", \"auth_error\": \"InvalidCredentialsSpecified\"}\n"
  },
  {
    "client": "Kolb Grading",
    "stage": "field_defs",
    "error": "HTTP 401 on /insurance/config/insureds/fields: {\"detail\": \"The specified credentials did not match any recognized by the system.\", \"heading\": \"Invalid credentials specified\", \"auth_error\": \"InvalidCredentialsSpecified\"}\n"
  },
  {
    "client": "Kolb Grading",
    "stage": "insureds",
    "error": "HTTP 401 on /insurance/insureds: {\"detail\": \"The specified credentials did not match any recognized by the system.\", \"heading\": \"Invalid credentials specified\", \"auth_error\": \"InvalidCredentialsSpecified\"}\n"
  },
  {
    "client": "Mizuho Bank",
    "stage": "field_defs",
    "error": "HTTP 401 on /insurance/config/insureds/fields: {\"detail\": \"The specified credentials did not match any recognized by the system.\", \"heading\": \"Invalid credentials specified\", \"auth_error\": \"InvalidCredentialsSpecified\"}\n"
  },
  {
    "client": "Mizuho Bank",
    "stage": "insureds",
    "error": "HTTP 401 on /insurance/insureds: {\"detail\": \"The specified credentials did not match any recognized by the system.\", \"heading\": \"Invalid credentials specified\", \"auth_error\": \"InvalidCredentialsSpecified\"}\n"
  },
  {
    "client": "Musselman & Hall Contractors, LLC",
    "stage": "field_defs",
    "error": "HTTP 401 on /insurance/config/insureds/fields: {\"detail\": \"The specified credentials did not match any recognized by the system.\", \"heading\": \"Invalid credentials specified\", \"auth_error\": \"InvalidCredentialsSpecified\"}\n"
  },
  {
    "client": "Musselman & Hall Contractors, LLC",
    "stage": "insureds",
    "error": "HTTP 401 on /insurance/insureds: {\"detail\": \"The specified credentials did not match any recognized by the system.\", \"heading\": \"Invalid credentials specified\", \"auth_error\": \"InvalidCredentialsSpecified\"}\n"
  }
]